# Susana Cala - Don Quijote
https://www.youtube.com/watch?v=QDjXzAzAviM
# 《搖滾卡農 Canon Rock》小提琴＆長笛版本｜cover by 長笛琴人
https://www.youtube.com/watch?v=-f7FEpt567k
# Susana Cala - 9 (Acústico)
https://www.youtube.com/watch?v=Wn0-xZ3F_Ag
# YẾU DẤU HÀ TIÊN - PHI NHUNG - NHẠC TRỮ TÌNH QUÊ HƯƠNG
https://www.youtube.com/watch?v=D5I_5dWX3HE
# NGÀY ĐẦU TIÊN - ĐỨC PHÚC | OFFICIAL MUSIC VIDEO | VALENTINE 2022
https://www.youtube.com/watch?v=rIXhXaQ8tiM

# HƠN CẢ YÊU - ĐỨC PHÚC | OFFICIAL MUSIC VIDEO
https://www.youtube.com/watch?v=__kGJZ-kPno

# NGƯỜI ƠI NGƯỜI Ở ĐỪNG VỀ - ĐỨC PHÚC x SUBOI | OFFICIAL MUSIC VIDEO
https://www.youtube.com/watch?v=PP_Fu65IqNc

# HẾT THƯƠNG CẠN NHỚ - ĐỨC PHÚC | OFFICIAL MUSIC VIDEO
https://www.youtube.com/watch?v=DZDYZ9nRHfU

# Gác lại âu lo - Da LAB ft. Miu Lê (Official MV)
https://www.youtube.com/watch?v=ECxVfrwwTp0

# Thức Giấc - Da LAB (Official Music Video)
https://www.youtube.com/watch?v=R3trO4a49go

# BỐN CHỮ LẮM (MV) - TRÚC NHÂN - TRƯƠNG THẢO NHI [ Chất Lượng 4k]
https://www.youtube.com/watch?v=i724lraI93s&list=PLtqdDpo7vqmXsxCI-X_5PvMaRHevlM1zK&index=5

# SÁNG MẮT CHƯA? (MV) | TRÚC NHÂN (#SMC?) | ตาสว่างหรือยัง
https://www.youtube.com/watch?v=rDhx4ejrPPA&list=PLtqdDpo7vqmXsxCI-X_5PvMaRHevlM1zK&index=1

# LỚN RỒI CÒN KHÓC NHÈ  ( MV ) | TRÚC NHÂN (#LRCKN)
https://www.youtube.com/watch?v=pFSQh_5QE40&list=PLtqdDpo7vqmXsxCI-X_5PvMaRHevlM1zK&index=2

# NGƯỜI TA CÓ THƯƠNG MÌNH ĐÂU ( MV ) | TRÚC NHÂN (#NTCTMD)
https://www.youtube.com/watch?v=Ya-btLv0WG0&list=PLtqdDpo7vqmXsxCI-X_5PvMaRHevlM1zK&index=3

# THẬT BẤT NGỜ (MV) - TRÚC NHÂN
https://www.youtube.com/watch?v=YUAmi7Q2F0Y

# Trúc Nhân | Có Không Giữ Mất Đừng Tìm | Official MV | special guest Miu Lê
https://www.youtube.com/watch?v=kdVeYgGtO3Q
# NGÀY ĐẦU TIÊN - ĐỨC PHÚC | OFFICIAL MUSIC VIDEO | VALENTINE 2022
https://www.youtube.com/watch?v=rIXhXaQ8tiM

# HƠN CẢ YÊU - ĐỨC PHÚC | OFFICIAL MUSIC VIDEO
https://www.youtube.com/watch?v=__kGJZ-kPno

# NGƯỜI ƠI NGƯỜI Ở ĐỪNG VỀ - ĐỨC PHÚC x SUBOI | OFFICIAL MUSIC VIDEO
https://www.youtube.com/watch?v=PP_Fu65IqNc

# HẾT THƯƠNG CẠN NHỚ - ĐỨC PHÚC | OFFICIAL MUSIC VIDEO
https://www.youtube.com/watch?v=DZDYZ9nRHfU

# Gác lại âu lo - Da LAB ft. Miu Lê (Official MV)
https://www.youtube.com/watch?v=ECxVfrwwTp0

# Thức Giấc - Da LAB (Official Music Video)
https://www.youtube.com/watch?v=R3trO4a49go

# BỐN CHỮ LẮM (MV) - TRÚC NHÂN - TRƯƠNG THẢO NHI [ Chất Lượng 4k]
https://www.youtube.com/watch?v=i724lraI93s&list=PLtqdDpo7vqmXsxCI-X_5PvMaRHevlM1zK&index=5

# SÁNG MẮT CHƯA? (MV) | TRÚC NHÂN (#SMC?) | ตาสว่างหรือยัง
https://www.youtube.com/watch?v=rDhx4ejrPPA&list=PLtqdDpo7vqmXsxCI-X_5PvMaRHevlM1zK&index=1

# LỚN RỒI CÒN KHÓC NHÈ  ( MV ) | TRÚC NHÂN (#LRCKN)
https://www.youtube.com/watch?v=pFSQh_5QE40&list=PLtqdDpo7vqmXsxCI-X_5PvMaRHevlM1zK&index=2

# NGƯỜI TA CÓ THƯƠNG MÌNH ĐÂU ( MV ) | TRÚC NHÂN (#NTCTMD)
https://www.youtube.com/watch?v=Ya-btLv0WG0&list=PLtqdDpo7vqmXsxCI-X_5PvMaRHevlM1zK&index=3

# THẬT BẤT NGỜ (MV) - TRÚC NHÂN
https://www.youtube.com/watch?v=YUAmi7Q2F0Y

# Trúc Nhân | Có Không Giữ Mất Đừng Tìm | Official MV | special guest Miu Lê
https://www.youtube.com/watch?v=kdVeYgGtO3Q
